<?xml version="1.0" encoding="UTF-8" ?>
<testsuite failures="0" time="0.002" errors="0" skipped="0" tests="1" name="net.sourceforge.jgeocoder.us.SpellingCorrectorTest">
  <properties>
    <property name="java.runtime.name" value="Java(TM) SE Runtime Environment"/>
    <property name="sun.boot.library.path" value="/usr/local/jdk1.7.0_01/jre/lib/i386"/>
    <property name="java.vm.version" value="21.1-b02"/>
    <property name="java.vm.vendor" value="Oracle Corporation"/>
    <property name="java.vendor.url" value="http://java.oracle.com/"/>
    <property name="path.separator" value=":"/>
    <property name="java.vm.name" value="Java HotSpot(TM) Server VM"/>
    <property name="file.encoding.pkg" value="sun.io"/>
    <property name="user.country" value="US"/>
    <property name="sun.java.launcher" value="SUN_STANDARD"/>
    <property name="sun.os.patch.level" value="unknown"/>
    <property name="java.vm.specification.name" value="Java Virtual Machine Specification"/>
    <property name="user.dir" value="/home/sxu/workspace/jgeocoder/jgeocoder"/>
    <property name="java.runtime.version" value="1.7.0_01-b08"/>
    <property name="java.awt.graphicsenv" value="sun.awt.X11GraphicsEnvironment"/>
    <property name="basedir" value="/home/sxu/workspace/jgeocoder/jgeocoder"/>
    <property name="java.endorsed.dirs" value="/usr/local/jdk1.7.0_01/jre/lib/endorsed"/>
    <property name="os.arch" value="i386"/>
    <property name="surefire.real.class.path" value="/tmp/surefirebooter3322240224208197902.jar"/>
    <property name="java.io.tmpdir" value="/tmp"/>
    <property name="line.separator" value="
"/>
    <property name="java.vm.specification.vendor" value="Oracle Corporation"/>
    <property name="os.name" value="Linux"/>
    <property name="sun.jnu.encoding" value="UTF-8"/>
    <property name="java.library.path" value="/usr/java/packages/lib/i386:/lib:/usr/lib"/>
    <property name="surefire.test.class.path" value="/home/sxu/workspace/jgeocoder/jgeocoder/target/test-classes:/home/sxu/workspace/jgeocoder/jgeocoder/target/classes:/home/sxu/.m2/repository/org/codehaus/groovy/groovy-all/1.5.5/groovy-all-1.5.5.jar:/home/sxu/.m2/repository/junit/junit/4.4/junit-4.4.jar:/home/sxu/.m2/repository/org/apache/ant/ant/1.7.0/ant-1.7.0.jar:/home/sxu/.m2/repository/org/apache/ant/ant-launcher/1.7.0/ant-launcher-1.7.0.jar:/home/sxu/.m2/repository/jline/jline/0.9.94/jline-0.9.94.jar:/home/sxu/.m2/repository/commons-collections/commons-collections/3.2/commons-collections-3.2.jar:/home/sxu/.m2/repository/commons-dbutils/commons-dbutils/1.1/commons-dbutils-1.1.jar:/home/sxu/.m2/repository/commons-lang/commons-lang/2.4/commons-lang-2.4.jar:/home/sxu/.m2/repository/commons-logging/commons-logging/1.0.4/commons-logging-1.0.4.jar:/home/sxu/.m2/repository/berkeleydb/je/3.2.44/je-3.2.44.jar:/home/sxu/.m2/repository/commons-cli/commons-cli/1.2/commons-cli-1.2.jar:/home/sxu/.m2/repository/h2/h2/1.3.164/h2-1.3.164.jar:"/>
    <property name="java.specification.name" value="Java Platform API Specification"/>
    <property name="java.class.version" value="51.0"/>
    <property name="sun.management.compiler" value="HotSpot Tiered Compilers"/>
    <property name="os.version" value="3.0.0-16-generic-pae"/>
    <property name="user.home" value="/home/sxu"/>
    <property name="user.timezone" value=""/>
    <property name="java.awt.printerjob" value="sun.print.PSPrinterJob"/>
    <property name="file.encoding" value="UTF-8"/>
    <property name="java.specification.version" value="1.7"/>
    <property name="user.name" value="sxu"/>
    <property name="java.class.path" value="/home/sxu/workspace/jgeocoder/jgeocoder/target/test-classes:/home/sxu/workspace/jgeocoder/jgeocoder/target/classes:/home/sxu/.m2/repository/org/codehaus/groovy/groovy-all/1.5.5/groovy-all-1.5.5.jar:/home/sxu/.m2/repository/junit/junit/4.4/junit-4.4.jar:/home/sxu/.m2/repository/org/apache/ant/ant/1.7.0/ant-1.7.0.jar:/home/sxu/.m2/repository/org/apache/ant/ant-launcher/1.7.0/ant-launcher-1.7.0.jar:/home/sxu/.m2/repository/jline/jline/0.9.94/jline-0.9.94.jar:/home/sxu/.m2/repository/commons-collections/commons-collections/3.2/commons-collections-3.2.jar:/home/sxu/.m2/repository/commons-dbutils/commons-dbutils/1.1/commons-dbutils-1.1.jar:/home/sxu/.m2/repository/commons-lang/commons-lang/2.4/commons-lang-2.4.jar:/home/sxu/.m2/repository/commons-logging/commons-logging/1.0.4/commons-logging-1.0.4.jar:/home/sxu/.m2/repository/berkeleydb/je/3.2.44/je-3.2.44.jar:/home/sxu/.m2/repository/commons-cli/commons-cli/1.2/commons-cli-1.2.jar:/home/sxu/.m2/repository/h2/h2/1.3.164/h2-1.3.164.jar:"/>
    <property name="java.vm.specification.version" value="1.7"/>
    <property name="sun.arch.data.model" value="32"/>
    <property name="java.home" value="/usr/local/jdk1.7.0_01/jre"/>
    <property name="sun.java.command" value="/tmp/surefirebooter3322240224208197902.jar /tmp/surefire113453593405917231tmp /tmp/surefire6531941740796390744tmp"/>
    <property name="java.specification.vendor" value="Oracle Corporation"/>
    <property name="user.language" value="en"/>
    <property name="awt.toolkit" value="sun.awt.X11.XToolkit"/>
    <property name="java.vm.info" value="mixed mode"/>
    <property name="java.version" value="1.7.0_01"/>
    <property name="java.ext.dirs" value="/usr/local/jdk1.7.0_01/jre/lib/ext:/usr/java/packages/lib/ext"/>
    <property name="sun.boot.class.path" value="/usr/local/jdk1.7.0_01/jre/lib/resources.jar:/usr/local/jdk1.7.0_01/jre/lib/rt.jar:/usr/local/jdk1.7.0_01/jre/lib/sunrsasign.jar:/usr/local/jdk1.7.0_01/jre/lib/jsse.jar:/usr/local/jdk1.7.0_01/jre/lib/jce.jar:/usr/local/jdk1.7.0_01/jre/lib/charsets.jar:/usr/local/jdk1.7.0_01/jre/classes"/>
    <property name="java.vendor" value="Oracle Corporation"/>
    <property name="localRepository" value="/home/sxu/.m2/repository"/>
    <property name="file.separator" value="/"/>
    <property name="java.vendor.url.bug" value="http://bugreport.sun.com/bugreport/"/>
    <property name="sun.cpu.endian" value="little"/>
    <property name="sun.io.unicode.encoding" value="UnicodeLittle"/>
    <property name="sun.cpu.isalist" value=""/>
  </properties>
  <testcase time="0.002" classname="net.sourceforge.jgeocoder.us.SpellingCorrectorTest" name="testStateCorrection"/>
</testsuite>